# JRE version: Java(TM) SE Runtime Environment (8.0_311-b11) (build 1.8.0_311-b11)
# Java VM: Java HotSpot(TM) 64-Bit Server VM (25.311-b11 mixed mode bsd-amd64 compressed oops)
Heap:
 PSYoungGen      total 18944K, used 14355K [0x00000007aab00000, 0x00000007ac080000, 0x00000007c0000000)
  eden space 15872K, 78% used [0x00000007aab00000,0x00000007ab72fb20,0x00000007aba80000)
  from space 3072K, 61% used [0x00000007abd80000,0x00000007abf554b0,0x00000007ac080000)
  to   space 3072K, 0% used [0x00000007aba80000,0x00000007aba80000,0x00000007abd80000)
 ParOldGen       total 44032K, used 5244K [0x0000000780000000, 0x0000000782b00000, 0x00000007aab00000)
  object space 44032K, 11% used [0x0000000780000000,0x000000078051f0e8,0x0000000782b00000)
 Metaspace       used 15871K, capacity 16332K, committed 16640K, reserved 1062912K
  class space    used 2096K, capacity 2242K, committed 2304K, reserved 1048576K
GC Heap History (10 events):
Event: 214.746 GC heap before
{Heap before GC invocations=38 (full 0):
 PSYoungGen      total 18944K, used 17717K [0x00000007aab00000, 0x00000007ac080000, 0x00000007c0000000)
  eden space 15872K, 100% used [0x00000007aab00000,0x00000007aba80000,0x00000007aba80000)
  from space 3072K, 60% used [0x00000007aba80000,0x00000007abc4d4b0,0x00000007abd80000)
  to   space 3072K, 0% used [0x00000007abd80000,0x00000007abd80000,0x00000007ac080000)
 ParOldGen       total 44032K, used 5092K [0x0000000780000000, 0x0000000782b00000, 0x00000007aab00000)
  object space 44032K, 11% used [0x0000000780000000,0x00000007804f90e8,0x0000000782b00000)
 Metaspace       used 15755K, capacity 16228K, committed 16384K, reserved 1062912K
  class space    used 2087K, capacity 2210K, committed 2304K, reserved 1048576K
Event: 214.747 GC heap after
Heap after GC invocations=38 (full 0):
 PSYoungGen      total 18944K, used 1272K [0x00000007aab00000, 0x00000007ac080000, 0x00000007c0000000)
  eden space 15872K, 0% used [0x00000007aab00000,0x00000007aab00000,0x00000007aba80000)
  from space 3072K, 41% used [0x00000007abd80000,0x00000007abebe320,0x00000007ac080000)
  to   space 3072K, 0% used [0x00000007aba80000,0x00000007aba80000,0x00000007abd80000)
 ParOldGen       total 44032K, used 5100K [0x0000000780000000, 0x0000000782b00000, 0x00000007aab00000)
  object space 44032K, 11% used [0x0000000780000000,0x00000007804fb0e8,0x0000000782b00000)
 Metaspace       used 15755K, capacity 16228K, committed 16384K, reserved 1062912K
  class space    used 2087K, capacity 2210K, committed 2304K, reserved 1048576K
}
Event: 218.906 GC heap before
{Heap before GC invocations=39 (full 0):
 PSYoungGen      total 18944K, used 17144K [0x00000007aab00000, 0x00000007ac080000, 0x00000007c0000000)
  eden space 15872K, 100% used [0x00000007aab00000,0x00000007aba80000,0x00000007aba80000)
  from space 3072K, 41% used [0x00000007abd80000,0x00000007abebe320,0x00000007ac080000)
  to   space 3072K, 0% used [0x00000007aba80000,0x00000007aba80000,0x00000007abd80000)
 ParOldGen       total 44032K, used 5100K [0x0000000780000000, 0x0000000782b00000, 0x00000007aab00000)
  object space 44032K, 11% used [0x0000000780000000,0x00000007804fb0e8,0x0000000782b00000)
 Metaspace       used 15790K, capacity 16236K, committed 16384K, reserved 1062912K
  class space    used 2087K, capacity 2210K, committed 2304K, reserved 1048576K
Event: 218.907 GC heap after
Heap after GC invocations=39 (full 0):
 PSYoungGen      total 18944K, used 2449K [0x00000007aab00000, 0x00000007ac080000, 0x00000007c0000000)
  eden space 15872K, 0% used [0x00000007aab00000,0x00000007aab00000,0x00000007aba80000)
  from space 3072K, 79% used [0x00000007aba80000,0x00000007abce4640,0x00000007abd80000)
  to   space 3072K, 0% used [0x00000007abd80000,0x00000007abd80000,0x00000007ac080000)
 ParOldGen       total 44032K, used 5124K [0x0000000780000000, 0x0000000782b00000, 0x00000007aab00000)
  object space 44032K, 11% used [0x0000000780000000,0x00000007805010e8,0x0000000782b00000)
 Metaspace       used 15790K, capacity 16236K, committed 16384K, reserved 1062912K
  class space    used 2087K, capacity 2210K, committed 2304K, reserved 1048576K
}
Event: 223.751 GC heap before
{Heap before GC invocations=40 (full 0):
 PSYoungGen      total 18944K, used 18321K [0x00000007aab00000, 0x00000007ac080000, 0x00000007c0000000)
  eden space 15872K, 100% used [0x00000007aab00000,0x00000007aba80000,0x00000007aba80000)
  from space 3072K, 79% used [0x00000007aba80000,0x00000007abce4640,0x00000007abd80000)
  to   space 3072K, 0% used [0x00000007abd80000,0x00000007abd80000,0x00000007ac080000)
 ParOldGen       total 44032K, used 5124K [0x0000000780000000, 0x0000000782b00000, 0x00000007aab00000)
  object space 44032K, 11% used [0x0000000780000000,0x00000007805010e8,0x0000000782b00000)
 Metaspace       used 15864K, capacity 16332K, committed 16640K, reserved 1062912K
  class space    used 2096K, capacity 2242K, committed 2304K, reserved 1048576K
Event: 223.752 GC heap after
Heap after GC invocations=40 (full 0):
 PSYoungGen      total 18944K, used 2449K [0x00000007aab00000, 0x00000007ac080000, 0x00000007c0000000)
  eden space 15872K, 0% used [0x00000007aab00000,0x00000007aab00000,0x00000007aba80000)
  from space 3072K, 79% used [0x00000007abd80000,0x00000007abfe4640,0x00000007ac080000)
  to   space 3072K, 0% used [0x00000007aba80000,0x00000007aba80000,0x00000007abd80000)
 ParOldGen       total 44032K, used 5172K [0x0000000780000000, 0x0000000782b00000, 0x00000007aab00000)
  object space 44032K, 11% used [0x0000000780000000,0x000000078050d0e8,0x0000000782b00000)
 Metaspace       used 15864K, capacity 16332K, committed 16640K, reserved 1062912K
  class space    used 2096K, capacity 2242K, committed 2304K, reserved 1048576K
}
Event: 228.891 GC heap before
{Heap before GC invocations=41 (full 0):
 PSYoungGen      total 18944K, used 17836K [0x00000007aab00000, 0x00000007ac080000, 0x00000007c0000000)
  eden space 15872K, 96% used [0x00000007aab00000,0x00000007aba06b78,0x00000007aba80000)
  from space 3072K, 79% used [0x00000007abd80000,0x00000007abfe4640,0x00000007ac080000)
  to   space 3072K, 0% used [0x00000007aba80000,0x00000007aba80000,0x00000007abd80000)
 ParOldGen       total 44032K, used 5172K [0x0000000780000000, 0x0000000782b00000, 0x00000007aab00000)
  object space 44032K, 11% used [0x0000000780000000,0x000000078050d0e8,0x0000000782b00000)
 Metaspace       used 15867K, capacity 16332K, committed 16640K, reserved 1062912K
  class space    used 2096K, capacity 2242K, committed 2304K, reserved 1048576K
Event: 228.892 GC heap after
Heap after GC invocations=41 (full 0):
 PSYoungGen      total 18944K, used 1877K [0x00000007aab00000, 0x00000007ac080000, 0x00000007c0000000)
  eden space 15872K, 0% used [0x00000007aab00000,0x00000007aab00000,0x00000007aba80000)
  from space 3072K, 61% used [0x00000007aba80000,0x00000007abc554b0,0x00000007abd80000)
  to   space 3072K, 0% used [0x00000007abd80000,0x00000007abd80000,0x00000007ac080000)
 ParOldGen       total 44032K, used 5212K [0x0000000780000000, 0x0000000782b00000, 0x00000007aab00000)
  object space 44032K, 11% used [0x0000000780000000,0x00000007805170e8,0x0000000782b00000)
 Metaspace       used 15867K, capacity 16332K, committed 16640K, reserved 1062912K
  class space    used 2096K, capacity 2242K, committed 2304K, reserved 1048576K
}
Event: 233.733 GC heap before
{Heap before GC invocations=42 (full 0):
 PSYoungGen      total 18944K, used 17360K [0x00000007aab00000, 0x00000007ac080000, 0x00000007c0000000)
  eden space 15872K, 97% used [0x00000007aab00000,0x00000007aba1ebd0,0x00000007aba80000)
  from space 3072K, 61% used [0x00000007aba80000,0x00000007abc554b0,0x00000007abd80000)
  to   space 3072K, 0% used [0x00000007abd80000,0x00000007abd80000,0x00000007ac080000)
 ParOldGen       total 44032K, used 5212K [0x0000000780000000, 0x0000000782b00000, 0x00000007aab00000)
  object space 44032K, 11% used [0x0000000780000000,0x00000007805170e8,0x0000000782b00000)
 Metaspace       used 15869K, capacity 16332K, committed 16640K, reserved 1062912K
  class space    used 2096K, capacity 2242K, committed 2304K, reserved 1048576K
Event: 233.734 GC heap after
Heap after GC invocations=42 (full 0):
 PSYoungGen      total 18944K, used 1877K [0x00000007aab00000, 0x00000007ac080000, 0x00000007c0000000)
  eden space 15872K, 0% used [0x00000007aab00000,0x00000007aab00000,0x00000007aba80000)
  from space 3072K, 61% used [0x00000007abd80000,0x00000007abf554b0,0x00000007ac080000)
  to   space 3072K, 0% used [0x00000007aba80000,0x00000007aba80000,0x00000007abd80000)
 ParOldGen       total 44032K, used 5244K [0x0000000780000000, 0x0000000782b00000, 0x00000007aab00000)
  object space 44032K, 11% used [0x0000000780000000,0x000000078051f0e8,0x0000000782b00000)
 Metaspace       used 15869K, capacity 16332K, committed 16640K, reserved 1062912K
  class space    used 2096K, capacity 2242K, committed 2304K, reserved 1048576K
}

