# JRE version: Java(TM) SE Runtime Environment (8.0_311-b11) (build 1.8.0_311-b11)
# Java VM: Java HotSpot(TM) 64-Bit Server VM (25.311-b11 mixed mode bsd-amd64 compressed oops)
Heap:
 PSYoungGen      total 15872K, used 12388K [0x00000007aab00000, 0x00000007ac100000, 0x00000007c0000000)
  eden space 9216K, 75% used [0x00000007aab00000,0x00000007ab1c2370,0x00000007ab400000)
  from space 6656K, 82% used [0x00000007aba80000,0x00000007abfd7030,0x00000007ac100000)
  to   space 6656K, 0% used [0x00000007ab400000,0x00000007ab400000,0x00000007aba80000)
 ParOldGen       total 33280K, used 24385K [0x0000000780000000, 0x0000000782080000, 0x00000007aab00000)
  object space 33280K, 73% used [0x0000000780000000,0x00000007817d0490,0x0000000782080000)
 Metaspace       used 17284K, capacity 17806K, committed 18048K, reserved 1064960K
  class space    used 2172K, capacity 2307K, committed 2432K, reserved 1048576K
GC Heap History (10 events):
Event: 1614.445 GC heap before
{Heap before GC invocations=778 (full 4):
 PSYoungGen      total 15872K, used 14112K [0x00000007aab00000, 0x00000007ac100000, 0x00000007c0000000)
  eden space 9216K, 93% used [0x00000007aab00000,0x00000007ab369320,0x00000007ab400000)
  from space 6656K, 82% used [0x00000007ab400000,0x00000007ab95f030,0x00000007aba80000)
  to   space 6656K, 0% used [0x00000007aba80000,0x00000007aba80000,0x00000007ac100000)
 ParOldGen       total 33280K, used 24345K [0x0000000780000000, 0x0000000782080000, 0x00000007aab00000)
  object space 33280K, 73% used [0x0000000780000000,0x00000007817c6490,0x0000000782080000)
 Metaspace       used 17284K, capacity 17806K, committed 18048K, reserved 1064960K
  class space    used 2172K, capacity 2307K, committed 2432K, reserved 1048576K
Event: 1614.447 GC heap after
Heap after GC invocations=778 (full 4):
 PSYoungGen      total 15872K, used 5468K [0x00000007aab00000, 0x00000007ac100000, 0x00000007c0000000)
  eden space 9216K, 0% used [0x00000007aab00000,0x00000007aab00000,0x00000007ab400000)
  from space 6656K, 82% used [0x00000007aba80000,0x00000007abfd7030,0x00000007ac100000)
  to   space 6656K, 0% used [0x00000007ab400000,0x00000007ab400000,0x00000007aba80000)
 ParOldGen       total 33280K, used 24353K [0x0000000780000000, 0x0000000782080000, 0x00000007aab00000)
  object space 33280K, 73% used [0x0000000780000000,0x00000007817c8490,0x0000000782080000)
 Metaspace       used 17284K, capacity 17806K, committed 18048K, reserved 1064960K
  class space    used 2172K, capacity 2307K, committed 2432K, reserved 1048576K
}
Event: 1615.672 GC heap before
{Heap before GC invocations=779 (full 4):
 PSYoungGen      total 15872K, used 14081K [0x00000007aab00000, 0x00000007ac100000, 0x00000007c0000000)
  eden space 9216K, 93% used [0x00000007aab00000,0x00000007ab3695c8,0x00000007ab400000)
  from space 6656K, 82% used [0x00000007aba80000,0x00000007abfd7030,0x00000007ac100000)
  to   space 6656K, 0% used [0x00000007ab400000,0x00000007ab400000,0x00000007aba80000)
 ParOldGen       total 33280K, used 24353K [0x0000000780000000, 0x0000000782080000, 0x00000007aab00000)
  object space 33280K, 73% used [0x0000000780000000,0x00000007817c8490,0x0000000782080000)
 Metaspace       used 17284K, capacity 17806K, committed 18048K, reserved 1064960K
  class space    used 2172K, capacity 2307K, committed 2432K, reserved 1048576K
Event: 1615.674 GC heap after
Heap after GC invocations=779 (full 4):
 PSYoungGen      total 15872K, used 3688K [0x00000007aab00000, 0x00000007ac100000, 0x00000007c0000000)
  eden space 9216K, 0% used [0x00000007aab00000,0x00000007aab00000,0x00000007ab400000)
  from space 6656K, 55% used [0x00000007ab400000,0x00000007ab79a020,0x00000007aba80000)
  to   space 6656K, 0% used [0x00000007aba80000,0x00000007aba80000,0x00000007ac100000)
 ParOldGen       total 33280K, used 24361K [0x0000000780000000, 0x0000000782080000, 0x00000007aab00000)
  object space 33280K, 73% used [0x0000000780000000,0x00000007817ca490,0x0000000782080000)
 Metaspace       used 17284K, capacity 17806K, committed 18048K, reserved 1064960K
  class space    used 2172K, capacity 2307K, committed 2432K, reserved 1048576K
}
Event: 1616.897 GC heap before
{Heap before GC invocations=780 (full 4):
 PSYoungGen      total 15872K, used 12302K [0x00000007aab00000, 0x00000007ac100000, 0x00000007c0000000)
  eden space 9216K, 93% used [0x00000007aab00000,0x00000007ab369b28,0x00000007ab400000)
  from space 6656K, 55% used [0x00000007ab400000,0x00000007ab79a020,0x00000007aba80000)
  to   space 6656K, 0% used [0x00000007aba80000,0x00000007aba80000,0x00000007ac100000)
 ParOldGen       total 33280K, used 24361K [0x0000000780000000, 0x0000000782080000, 0x00000007aab00000)
  object space 33280K, 73% used [0x0000000780000000,0x00000007817ca490,0x0000000782080000)
 Metaspace       used 17284K, capacity 17806K, committed 18048K, reserved 1064960K
  class space    used 2172K, capacity 2307K, committed 2432K, reserved 1048576K
Event: 1616.899 GC heap after
Heap after GC invocations=780 (full 4):
 PSYoungGen      total 15872K, used 5500K [0x00000007aab00000, 0x00000007ac100000, 0x00000007c0000000)
  eden space 9216K, 0% used [0x00000007aab00000,0x00000007aab00000,0x00000007ab400000)
  from space 6656K, 82% used [0x00000007aba80000,0x00000007abfdf030,0x00000007ac100000)
  to   space 6656K, 0% used [0x00000007ab400000,0x00000007ab400000,0x00000007aba80000)
 ParOldGen       total 33280K, used 24369K [0x0000000780000000, 0x0000000782080000, 0x00000007aab00000)
  object space 33280K, 73% used [0x0000000780000000,0x00000007817cc490,0x0000000782080000)
 Metaspace       used 17284K, capacity 17806K, committed 18048K, reserved 1064960K
  class space    used 2172K, capacity 2307K, committed 2432K, reserved 1048576K
}
Event: 1618.126 GC heap before
{Heap before GC invocations=781 (full 4):
 PSYoungGen      total 15872K, used 14115K [0x00000007aab00000, 0x00000007ac100000, 0x00000007c0000000)
  eden space 9216K, 93% used [0x00000007aab00000,0x00000007ab369e08,0x00000007ab400000)
  from space 6656K, 82% used [0x00000007aba80000,0x00000007abfdf030,0x00000007ac100000)
  to   space 6656K, 0% used [0x00000007ab400000,0x00000007ab400000,0x00000007aba80000)
 ParOldGen       total 33280K, used 24369K [0x0000000780000000, 0x0000000782080000, 0x00000007aab00000)
  object space 33280K, 73% used [0x0000000780000000,0x00000007817cc490,0x0000000782080000)
 Metaspace       used 17284K, capacity 17806K, committed 18048K, reserved 1064960K
  class space    used 2172K, capacity 2307K, committed 2432K, reserved 1048576K
Event: 1618.128 GC heap after
Heap after GC invocations=781 (full 4):
 PSYoungGen      total 15872K, used 5500K [0x00000007aab00000, 0x00000007ac100000, 0x00000007c0000000)
  eden space 9216K, 0% used [0x00000007aab00000,0x00000007aab00000,0x00000007ab400000)
  from space 6656K, 82% used [0x00000007ab400000,0x00000007ab95f030,0x00000007aba80000)
  to   space 6656K, 0% used [0x00000007aba80000,0x00000007aba80000,0x00000007ac100000)
 ParOldGen       total 33280K, used 24377K [0x0000000780000000, 0x0000000782080000, 0x00000007aab00000)
  object space 33280K, 73% used [0x0000000780000000,0x00000007817ce490,0x0000000782080000)
 Metaspace       used 17284K, capacity 17806K, committed 18048K, reserved 1064960K
  class space    used 2172K, capacity 2307K, committed 2432K, reserved 1048576K
}
Event: 1619.359 GC heap before
{Heap before GC invocations=782 (full 4):
 PSYoungGen      total 15872K, used 14139K [0x00000007aab00000, 0x00000007ac100000, 0x00000007c0000000)
  eden space 9216K, 93% used [0x00000007aab00000,0x00000007ab36ffa8,0x00000007ab400000)
  from space 6656K, 82% used [0x00000007ab400000,0x00000007ab95f030,0x00000007aba80000)
  to   space 6656K, 0% used [0x00000007aba80000,0x00000007aba80000,0x00000007ac100000)
 ParOldGen       total 33280K, used 24377K [0x0000000780000000, 0x0000000782080000, 0x00000007aab00000)
  object space 33280K, 73% used [0x0000000780000000,0x00000007817ce490,0x0000000782080000)
 Metaspace       used 17284K, capacity 17806K, committed 18048K, reserved 1064960K
  class space    used 2172K, capacity 2307K, committed 2432K, reserved 1048576K
Event: 1619.361 GC heap after
Heap after GC invocations=782 (full 4):
 PSYoungGen      total 15872K, used 5468K [0x00000007aab00000, 0x00000007ac100000, 0x00000007c0000000)
  eden space 9216K, 0% used [0x00000007aab00000,0x00000007aab00000,0x00000007ab400000)
  from space 6656K, 82% used [0x00000007aba80000,0x00000007abfd7030,0x00000007ac100000)
  to   space 6656K, 0% used [0x00000007ab400000,0x00000007ab400000,0x00000007aba80000)
 ParOldGen       total 33280K, used 24385K [0x0000000780000000, 0x0000000782080000, 0x00000007aab00000)
  object space 33280K, 73% used [0x0000000780000000,0x00000007817d0490,0x0000000782080000)
 Metaspace       used 17284K, capacity 17806K, committed 18048K, reserved 1064960K
  class space    used 2172K, capacity 2307K, committed 2432K, reserved 1048576K
}

